<?xml version="1.0" encoding="UTF-8"?>
<Site BuildName="Linux-g++"
	BuildStamp="20231102-0145-Experimental"
	Name="Bro"
	Generator="ctest-3.19.6"
	CompilerName="/usr/bin/g++"
	CompilerVersion="13.1.0"
	OSName="Linux"
	Hostname="Bro"
	OSRelease="5.15.0-87-generic"
	OSVersion="#97-Ubuntu SMP Mon Oct 2 21:09:21 UTC 2023"
	OSPlatform="x86_64"
	Is64Bits="1"
	VendorString="GenuineIntel"
	VendorID="Intel Corporation"
	FamilyID="6"
	ModelID="142"
	ProcessorCacheSize="4096"
	NumberOfLogicalCPU="4"
	NumberOfPhysicalCPU="2"
	TotalVirtualMemory="2047"
	TotalPhysicalMemory="15859"
	LogicalProcessorsPerPhysical="2"
	ProcessorClockFrequency="3500"
	>
	<Testing>
		<StartDateTime>Nov 01 20:07 MDT</StartDateTime>
		<StartTestTime>1698890854</StartTestTime>
		<TestList/>
		<EndDateTime>Nov 01 20:07 MDT</EndDateTime>
		<EndTestTime>1698890854</EndTestTime>
		<ElapsedMinutes>0</ElapsedMinutes>
	</Testing>
</Site>
