<?xml version="1.0" encoding="UTF-8"?>
<Site BuildName="Linux-g++-11"
	BuildStamp="20220906-1627-Experimental"
	Name="mp"
	Generator="ctest-3.16.3"
	CompilerName="/usr/bin/g++-11"
	CompilerVersion="11.1.0"
	OSName="Linux"
	Hostname="mp"
	OSRelease="5.15.0-46-generic"
	OSVersion="#49~20.04.1-Ubuntu SMP Thu Aug 4 19:15:44 UTC 2022"
	OSPlatform="x86_64"
	Is64Bits="1"
	VendorString="GenuineIntel"
	VendorID="Intel Corporation"
	FamilyID="6"
	ModelID="141"
	ProcessorCacheSize="24576"
	NumberOfLogicalCPU="16"
	NumberOfPhysicalCPU="8"
	TotalVirtualMemory="2047"
	TotalPhysicalMemory="31371"
	LogicalProcessorsPerPhysical="2"
	ProcessorClockFrequency="2500"
	>
	<Testing>
		<StartDateTime>Sep 06 10:27 MDT</StartDateTime>
		<StartTestTime>1662481660</StartTestTime>
		<TestList/>
		<EndDateTime>Sep 06 10:27 MDT</EndDateTime>
		<EndTestTime>1662481660</EndTestTime>
		<ElapsedMinutes>0</ElapsedMinutes>
	</Testing>
</Site>
